[debug] [2019-05-06T03:00:01.464Z] ----------------------------------------------------------------------
[debug] [2019-05-06T03:00:01.466Z] Command:       /Users/davidcase/.nvm/versions/node/v8.15.0/bin/node /Users/davidcase/.nvm/versions/node/v8.15.0/bin/firebase deploy
[debug] [2019-05-06T03:00:01.467Z] CLI Version:   6.6.0
[debug] [2019-05-06T03:00:01.467Z] Platform:      darwin
[debug] [2019-05-06T03:00:01.467Z] Node Version:  v8.15.0
[debug] [2019-05-06T03:00:01.468Z] Time:          Sun May 05 2019 23:00:01 GMT-0400 (EDT)
[debug] [2019-05-06T03:00:01.468Z] ----------------------------------------------------------------------
[debug] 
[debug] [2019-05-06T03:00:01.479Z] > command requires scopes: ["email","openid","https://www.googleapis.com/auth/cloudplatformprojects.readonly","https://www.googleapis.com/auth/firebase","https://www.googleapis.com/auth/cloud-platform"]
[debug] [2019-05-06T03:00:01.479Z] > authorizing via signed-in user
[debug] [2019-05-06T03:00:01.479Z] [iam] checking project bitflow-a5e50 for permissions ["cloudfunctions.functions.create","cloudfunctions.functions.delete","cloudfunctions.functions.get","cloudfunctions.functions.list","cloudfunctions.functions.update","cloudfunctions.operations.get","firebase.projects.get","firebasehosting.sites.update"]
[debug] [2019-05-06T03:00:01.481Z] >>> HTTP REQUEST POST https://cloudresourcemanager.googleapis.com/v1/projects/bitflow-a5e50:testIamPermissions  

[debug] [2019-05-06T03:00:01.798Z] <<< HTTP RESPONSE 200
[debug] [2019-05-06T03:00:01.801Z] >>> HTTP REQUEST GET https://firebase.googleapis.com/v1beta1/projects/bitflow-a5e50  
 
[debug] [2019-05-06T03:00:02.273Z] <<< HTTP RESPONSE 200
[info] 
[info] === Deploying to 'bitflow-a5e50'...
[info] 
[info] i  deploying functions, hosting
[info] Running command: npm --prefix "$RESOURCE_DIR" run build
[info] ✔  functions: Finished running predeploy script.
[debug] [2019-05-06T03:00:10.951Z] > [functions] package.json contents: {
  "name": "functions",
  "scripts": {
    "build": "tsc",
    "serve": "npm run build && firebase serve --only functions",
    "shell": "npm run build && firebase functions:shell",
    "start": "npm run shell",
    "deploy": "firebase deploy --only functions",
    "logs": "firebase functions:log"
  },
  "main": "lib/index.js",
  "dependencies": {
    "axios": "^0.18.0",
    "bsv": "^0.26.5",
    "btoa": "^1.2.1",
    "firebase-admin": "~7.0.0",
    "firebase-functions": "^2.2.0",
    "protobufjs": "^6.8.8",
    "vm2": "^3.8.1"
  },
  "devDependencies": {
    "typescript": "^3.2.2"
  },
  "private": true,
  "engines": {
    "node": "8"
  }
}
[info] i  functions: ensuring necessary APIs are enabled...
[debug] [2019-05-06T03:00:10.952Z] >>> HTTP REQUEST GET https://servicemanagement.googleapis.com/v1/services/cloudfunctions.googleapis.com/projectSettings/bitflow-a5e50?view=CONSUMER_VIEW  
 
[debug] [2019-05-06T03:00:10.953Z] >>> HTTP REQUEST GET https://servicemanagement.googleapis.com/v1/services/runtimeconfig.googleapis.com/projectSettings/bitflow-a5e50?view=CONSUMER_VIEW  
 
[debug] [2019-05-06T03:00:11.771Z] <<< HTTP RESPONSE 200
[debug] [2019-05-06T03:00:11.824Z] <<< HTTP RESPONSE 200
[info] ✔  functions: all necessary APIs are enabled
[debug] [2019-05-06T03:00:11.825Z] >>> HTTP REQUEST GET https://cloudresourcemanager.googleapis.com/v1/projects/bitflow-a5e50  
 
[debug] [2019-05-06T03:00:12.002Z] <<< HTTP RESPONSE 200
[debug] [2019-05-06T03:00:12.003Z] >>> HTTP REQUEST GET https://mobilesdk-pa.googleapis.com/v1/projects/43892306658:getServerAppConfig  
 
[debug] [2019-05-06T03:00:12.200Z] <<< HTTP RESPONSE 200
[debug] [2019-05-06T03:00:12.202Z] >>> HTTP REQUEST POST https://firebasehosting.googleapis.com/v1beta1/sites/bitflow-a5e50/versions  

[debug] [2019-05-06T03:00:12.804Z] <<< HTTP RESPONSE 200
[info] i  functions: preparing functions directory for uploading...
[debug] [2019-05-06T03:00:12.808Z] >>> HTTP REQUEST GET https://runtimeconfig.googleapis.com/v1beta1/projects/bitflow-a5e50/configs  
 
[debug] [2019-05-06T03:00:13.033Z] <<< HTTP RESPONSE 200
[debug] [2019-05-06T03:00:13.034Z] >>> HTTP REQUEST GET https://runtimeconfig.googleapis.com/v1beta1/projects/bitflow-a5e50/configs/bitflow/variables  
 
[debug] [2019-05-06T03:00:13.463Z] <<< HTTP RESPONSE 200
[debug] [2019-05-06T03:00:13.464Z] >>> HTTP REQUEST GET https://runtimeconfig.googleapis.com/v1beta1/projects/bitflow-a5e50/configs/bitflow/variables/hdpriv  
 
[debug] [2019-05-06T03:00:13.465Z] >>> HTTP REQUEST GET https://runtimeconfig.googleapis.com/v1beta1/projects/bitflow-a5e50/configs/bitflow/variables/priv  
 
